<?xml version="1.0" encoding="UTF-8"?>
<!-- Generated by org.testng.reporters.JUnitReportReporter -->
<testsuite hostname="LAPTOP-20464U94" name="mercuryTour.TC001" tests="1" failures="0" timestamp="2 Mar 2019 00:25:18 GMT" time="9.540" errors="0">
  <testcase name="verifyLogin" time="9.540" classname="mercuryTour.TC001"/>
</testsuite> <!-- mercuryTour.TC001 -->
